[2022-04-04 12:26:42] "GET /" 304 - - 4.332 ms
[2022-04-04 12:31:06] "GET /" 304 - - 3.565 ms
[2022-04-04 13:25:42] "GET /api/users" 200 18 - 2.677 ms
[2022-04-04 13:27:28] "GET /api/auth" 200 18 - 3.024 ms
[2022-04-04 13:45:50] "GET /api/auth/register" 404 41 - 3.047 ms
[2022-04-04 13:46:56] "GET /api/auth/register" 200 60 - 23.403 ms
[2022-04-04 13:51:31] "POST /api/auth/register" 200 60 - 19.864 ms
[2022-04-04 13:52:11] "POST /api/auth/register" 401 145 - 4.813 ms
[2022-04-04 13:59:00] "POST /api/auth/register" 200 393 - 110.736 ms
[2022-04-04 14:07:22] "GET /api/auth/login" 404 41 - 3.070 ms
[2022-04-04 14:07:37] "POST /api/auth/login" 404 44 - 24.503 ms
[2022-04-04 14:09:58] "POST /api/auth/login" 404 46 - 101.398 ms
[2022-04-04 14:11:36] "POST /api/auth/login" 200 377 - 104.767 ms
[2022-04-04 14:23:18] "POST /api/auth/register" 400 53 - 3.070 ms
[2022-04-04 15:03:15] "POST /api/auth/register" 400 59 - 27.263 ms
[2022-04-04 15:03:21] "POST /api/auth/register" 400 59 - 5.050 ms
[2022-04-04 15:03:25] "POST /api/auth/register" 200 395 - 92.842 ms
[2022-04-04 15:31:31] "PUT /api/users/624acf7410e4dc32681fdfc5" 403 62 - 3.223 ms
[2022-04-04 15:31:55] "PUT /api/users/624acf7410e4dc32681fdfc5" 200 390 - 23.958 ms
[2022-04-04 15:32:54] "POST /api/auth/register" 200 395 - 109.223 ms
[2022-04-04 15:33:51] "PUT /api/users/624ae576e6ed852e1841b94f" 200 392 - 3.571 ms
[2022-04-04 15:34:27] "PUT /api/users/624ae576e6ed852e1841b94f" 200 416 - 89.507 ms
[2022-04-04 15:56:56] "POST /api/auth/login" 404 44 - 13.884 ms
[2022-04-04 15:57:05] "POST /api/auth/login" 404 44 - 3.112 ms
[2022-04-04 15:57:40] "POST /api/auth/login" 200 612 - 101.118 ms
